<?xml version="1.0" encoding="UTF-8"?>
<!-- Generated by org.testng.reporters.JUnitReportReporter -->
<testsuite skipped="0" hostname="LAPTOP-BD4H2O2S" name="com.docker.search.SearchTest" tests="4" failures="0" timestamp="04 Dec 2019 13:27:18 GMT" time="11.917" errors="0">
  <testcase name="registrationTest" time="4.256" classname="com.docker.search.SearchTest"/>
  <testcase name="registrationTest" time="1.997" classname="com.docker.search.SearchTest"/>
  <testcase name="registrationTest" time="2.542" classname="com.docker.search.SearchTest"/>
  <testcase name="registrationTest" time="3.122" classname="com.docker.search.SearchTest"/>
</testsuite> <!-- com.docker.search.SearchTest -->
